<?xml version="1.0" encoding="UTF-8"?>
<!-- Generated by org.testng.reporters.JUnitReportReporter -->
<testsuite skipped="0" hostname="DESKTOP-J08TL4P" name="MainGittiGidiyor.GittiGidiyorFramework.UrunEkleCikar" tests="1" failures="0" timestamp="29 Jan 2021 11:02:07 GMT" time="41.348" errors="0">
  <testcase name="urun_ekle_cikar" time="41.348" classname="MainGittiGidiyor.GittiGidiyorFramework.UrunEkleCikar"/>
</testsuite> <!-- MainGittiGidiyor.GittiGidiyorFramework.UrunEkleCikar -->
