<?xml version="1.0" encoding="UTF-8"?>
<!-- Generated by org.testng.reporters.JUnitReportReporter -->
<testsuite skipped="0" hostname="DESKTOP-J08TL4P" name="MainGittiGidiyor.GittiGidiyorFramework.GirisYapNoInput" tests="1" failures="0" timestamp="29 Jan 2021 11:02:07 GMT" time="21.296" errors="0">
  <testcase name="no_input" time="21.296" classname="MainGittiGidiyor.GittiGidiyorFramework.GirisYapNoInput"/>
</testsuite> <!-- MainGittiGidiyor.GittiGidiyorFramework.GirisYapNoInput -->
