<?xml version="1.0" encoding="UTF-8"?>
<!-- Generated by org.testng.reporters.JUnitReportReporter -->
<testsuite skipped="0" hostname="DESKTOP-J08TL4P" name="MainGittiGidiyor.GittiGidiyorFramework.GirisYapAzKarakter" tests="1" failures="0" timestamp="29 Jan 2021 11:02:07 GMT" time="27.344" errors="0">
  <testcase name="az_karakter" time="27.344" classname="MainGittiGidiyor.GittiGidiyorFramework.GirisYapAzKarakter"/>
</testsuite> <!-- MainGittiGidiyor.GittiGidiyorFramework.GirisYapAzKarakter -->
