<?xml version="1.0" encoding="UTF-8"?>
<!-- Generated by org.testng.reporters.JUnitReportReporter -->
<testsuite skipped="0" hostname="DESKTOP-J08TL4P" name="MainGittiGidiyor.GittiGidiyorFramework.GirisYapYanlisBilgi" tests="1" failures="0" timestamp="29 Jan 2021 11:02:07 GMT" time="40.973" errors="0">
  <testcase name="yanlis_bilgi" time="40.973" classname="MainGittiGidiyor.GittiGidiyorFramework.GirisYapYanlisBilgi"/>
</testsuite> <!-- MainGittiGidiyor.GittiGidiyorFramework.GirisYapYanlisBilgi -->
